<?xml version="1.0" encoding="UTF-8"?>
<!-- Generated by org.testng.reporters.JUnitReportReporter -->
<testsuite hostname="ShridharaMJ" failures="0" tests="1" name="com.qa.practice.spectbuilder.SpecBuilderDemo" time="3.028" errors="0" timestamp="2021-01-27T23:20:17 IST" skipped="0">
  <testcase classname="com.qa.practice.spectbuilder.SpecBuilderDemo" name="addMap" time="3.028"/>
  <system-out/>
</testsuite> <!-- com.qa.practice.spectbuilder.SpecBuilderDemo -->
