<?xml version="1.0" encoding="UTF-8"?>
<!-- Generated by org.testng.reporters.JUnitReportReporter -->
<testsuite hostname="ShridharaMJ" failures="0" tests="1" name="com.qa.practice.RestProject.BasicsPractice" time="0.016" errors="0" timestamp="2021-01-10T01:33:25 IST" skipped="0">
  <testcase classname="com.qa.practice.RestProject.BasicsPractice" name="postTest" time="0.016"/>
  <system-out/>
</testsuite> <!-- com.qa.practice.RestProject.BasicsPractice -->
