<?xml version="1.0" encoding="UTF-8"?>
<!-- Generated by org.testng.reporters.JUnitReportReporter -->
<testsuite hostname="ShridharaMJ" failures="0" tests="6" name="com.qa.practice.RestProject.ComplexJsonPractice" time="5.381" errors="0" timestamp="2021-01-10T00:15:47 IST" skipped="0">
  <testcase classname="com.qa.practice.RestProject.ComplexJsonPractice" name="testCase1" time="0.070"/>
  <system-out/>
  <testcase classname="com.qa.practice.RestProject.ComplexJsonPractice" name="testCase2" time="0.280"/>
  <system-out/>
  <testcase classname="com.qa.practice.RestProject.ComplexJsonPractice" name="testCase4" time="0.426"/>
  <system-out/>
  <testcase classname="com.qa.practice.RestProject.ComplexJsonPractice" name="testCase" time="4.300"/>
  <system-out/>
  <testcase classname="com.qa.practice.RestProject.ComplexJsonPractice" name="testCase3" time="0.076"/>
  <system-out/>
  <testcase classname="com.qa.practice.RestProject.ComplexJsonPractice" name="testCase5" time="0.229"/>
  <system-out/>
</testsuite> <!-- com.qa.practice.RestProject.ComplexJsonPractice -->
