<?xml version="1.0" encoding="UTF-8"?>
<!-- Generated by org.testng.reporters.JUnitReportReporter -->
<testsuite hostname="ShridharaMJ" failures="0" tests="3" name="com.qa.practice.RestProject.LibraryRest" time="4.787" errors="0" timestamp="2021-01-10T23:41:13 IST" skipped="0">
  <testcase classname="com.qa.practice.RestProject.LibraryRest" name="testLibraryAPI" time="4.085"/>
  <system-out/>
  <testcase classname="com.qa.practice.RestProject.LibraryRest" name="testLibraryAPI" time="0.329"/>
  <system-out/>
  <testcase classname="com.qa.practice.RestProject.LibraryRest" name="testLibraryAPI" time="0.373"/>
  <system-out/>
</testsuite> <!-- com.qa.practice.RestProject.LibraryRest -->
