<?xml version="1.0" encoding="UTF-8"?>
<!-- Generated by org.testng.reporters.JUnitReportReporter -->
<testsuite hostname="ShridharaMJ" failures="0" tests="1" name="com.qa.practice.RestProject.Oauth2Demo" time="42.534" errors="0" timestamp="2021-01-21T23:07:13 IST" skipped="0">
  <testcase classname="com.qa.practice.RestProject.Oauth2Demo" name="testOauth" time="42.534"/>
  <system-out/>
</testsuite> <!-- com.qa.practice.RestProject.Oauth2Demo -->
