<?xml version="1.0" encoding="UTF-8"?>
<!-- Generated by org.testng.reporters.JUnitReportReporter -->
<testsuite hostname="ShridharaMJ" failures="0" tests="1" name="com.qa.practice.RestProject.AddMapUsingJsonPojo" time="6.579" errors="0" timestamp="2021-01-21T23:50:32 IST" skipped="0">
  <testcase classname="com.qa.practice.RestProject.AddMapUsingJsonPojo" name="testCase1" time="6.579"/>
  <system-out/>
</testsuite> <!-- com.qa.practice.RestProject.AddMapUsingJsonPojo -->
